Info: Starting: Create block symbol file (.bsf)
Info: qsys-generate C:\Work\DSD_Material_Students\DSD_Material_Students\system_template_de1_soc\DSD.qsys --block-symbol-file --output-directory=C:\Work\DSD_Material_Students\DSD_Material_Students\system_template_de1_soc\DSD --family="Cyclone V" --part=5CSEMA5F31C6
Progress: Loading system_template_de1_soc/DSD.qsys
Progress: Reading input file
Progress: Adding clk_0 [clock_source 18.0]
Progress: Parameterizing module clk_0
Progress: Adding cpu [altera_nios2_gen2 18.0]
Progress: Parameterizing module cpu
Progress: Adding jtag_uart [altera_avalon_jtag_uart 18.0]
Progress: Parameterizing module jtag_uart
Progress: Adding led_pio [altera_avalon_pio 18.0]
Progress: Parameterizing module led_pio
Progress: Adding onchip_mem [altera_avalon_onchip_memory2 18.0]
Progress: Parameterizing module onchip_mem
Progress: Adding sys_clk_timer [altera_avalon_timer 18.0]
Progress: Parameterizing module sys_clk_timer
Progress: Adding sysid [altera_avalon_sysid_qsys 18.0]
Progress: Parameterizing module sysid
Progress: Building connections
Progress: Parameterizing connections
Progress: Validating
Progress: Done reading input file
Info: DSD.jtag_uart: JTAG UART IP input clock need to be at least double (2x) the operating frequency of JTAG TCK on board
Info: DSD.sysid: System ID is not assigned automatically. Edit the System ID parameter to provide a unique ID
Info: DSD.sysid: Time stamp will be automatically updated when this component is generated.
Info: qsys-generate succeeded.
Info: Finished: Create block symbol file (.bsf)
Info: 
Info: Starting: Create HDL design files for synthesis
Info: qsys-generate C:\Work\DSD_Material_Students\DSD_Material_Students\system_template_de1_soc\DSD.qsys --synthesis=VERILOG --output-directory=C:\Work\DSD_Material_Students\DSD_Material_Students\system_template_de1_soc\DSD\synthesis --family="Cyclone V" --part=5CSEMA5F31C6
Progress: Loading system_template_de1_soc/DSD.qsys
Progress: Reading input file
Progress: Adding clk_0 [clock_source 18.0]
Progress: Parameterizing module clk_0
Progress: Adding cpu [altera_nios2_gen2 18.0]
Progress: Parameterizing module cpu
Progress: Adding jtag_uart [altera_avalon_jtag_uart 18.0]
Progress: Parameterizing module jtag_uart
Progress: Adding led_pio [altera_avalon_pio 18.0]
Progress: Parameterizing module led_pio
Progress: Adding onchip_mem [altera_avalon_onchip_memory2 18.0]
Progress: Parameterizing module onchip_mem
Progress: Adding sys_clk_timer [altera_avalon_timer 18.0]
Progress: Parameterizing module sys_clk_timer
Progress: Adding sysid [altera_avalon_sysid_qsys 18.0]
Progress: Parameterizing module sysid
Progress: Building connections
Progress: Parameterizing connections
Progress: Validating
Progress: Done reading input file
Info: DSD.jtag_uart: JTAG UART IP input clock need to be at least double (2x) the operating frequency of JTAG TCK on board
Info: DSD.sysid: System ID is not assigned automatically. Edit the System ID parameter to provide a unique ID
Info: DSD.sysid: Time stamp will be automatically updated when this component is generated.
Info: DSD: Generating DSD "DSD" for QUARTUS_SYNTH
Info: cpu: "DSD" instantiated altera_nios2_gen2 "cpu"
Info: jtag_uart: Starting RTL generation for module 'DSD_jtag_uart'
Info: jtag_uart:   Generation command is [exec C:/intelfpga_lite/18.0/quartus/bin64/perl/bin/perl.exe -I C:/intelfpga_lite/18.0/quartus/bin64/perl/lib -I C:/intelfpga_lite/18.0/quartus/sopc_builder/bin/europa -I C:/intelfpga_lite/18.0/quartus/sopc_builder/bin/perl_lib -I C:/intelfpga_lite/18.0/quartus/sopc_builder/bin -I C:/intelfpga_lite/18.0/quartus/../ip/altera/sopc_builder_ip/common -I C:/intelfpga_lite/18.0/quartus/../ip/altera/sopc_builder_ip/altera_avalon_jtag_uart -- C:/intelfpga_lite/18.0/quartus/../ip/altera/sopc_builder_ip/altera_avalon_jtag_uart/generate_rtl.pl --name=DSD_jtag_uart --dir=C:/Users/therc/AppData/Local/Temp/alt9374_6552450139044231949.dir/0002_jtag_uart_gen/ --quartus_dir=C:/intelfpga_lite/18.0/quartus --verilog --config=C:/Users/therc/AppData/Local/Temp/alt9374_6552450139044231949.dir/0002_jtag_uart_gen//DSD_jtag_uart_component_configuration.pl  --do_build_sim=0  ]
Info: jtag_uart: Done RTL generation for module 'DSD_jtag_uart'
Info: jtag_uart: "DSD" instantiated altera_avalon_jtag_uart "jtag_uart"
Info: led_pio: Starting RTL generation for module 'DSD_led_pio'
Info: led_pio:   Generation command is [exec C:/intelfpga_lite/18.0/quartus/bin64/perl/bin/perl.exe -I C:/intelfpga_lite/18.0/quartus/bin64/perl/lib -I C:/intelfpga_lite/18.0/quartus/sopc_builder/bin/europa -I C:/intelfpga_lite/18.0/quartus/sopc_builder/bin/perl_lib -I C:/intelfpga_lite/18.0/quartus/sopc_builder/bin -I C:/intelfpga_lite/18.0/quartus/../ip/altera/sopc_builder_ip/common -I C:/intelfpga_lite/18.0/quartus/../ip/altera/sopc_builder_ip/altera_avalon_pio -- C:/intelfpga_lite/18.0/quartus/../ip/altera/sopc_builder_ip/altera_avalon_pio/generate_rtl.pl --name=DSD_led_pio --dir=C:/Users/therc/AppData/Local/Temp/alt9374_6552450139044231949.dir/0003_led_pio_gen/ --quartus_dir=C:/intelfpga_lite/18.0/quartus --verilog --config=C:/Users/therc/AppData/Local/Temp/alt9374_6552450139044231949.dir/0003_led_pio_gen//DSD_led_pio_component_configuration.pl  --do_build_sim=0  ]
Info: led_pio: Done RTL generation for module 'DSD_led_pio'
Info: led_pio: "DSD" instantiated altera_avalon_pio "led_pio"
Info: onchip_mem: Starting RTL generation for module 'DSD_onchip_mem'
Info: onchip_mem:   Generation command is [exec C:/intelfpga_lite/18.0/quartus/bin64/perl/bin/perl.exe -I C:/intelfpga_lite/18.0/quartus/bin64/perl/lib -I C:/intelfpga_lite/18.0/quartus/sopc_builder/bin/europa -I C:/intelfpga_lite/18.0/quartus/sopc_builder/bin/perl_lib -I C:/intelfpga_lite/18.0/quartus/sopc_builder/bin -I C:/intelfpga_lite/18.0/quartus/../ip/altera/sopc_builder_ip/common -I C:/intelfpga_lite/18.0/quartus/../ip/altera/sopc_builder_ip/altera_avalon_onchip_memory2 -- C:/intelfpga_lite/18.0/quartus/../ip/altera/sopc_builder_ip/altera_avalon_onchip_memory2/generate_rtl.pl --name=DSD_onchip_mem --dir=C:/Users/therc/AppData/Local/Temp/alt9374_6552450139044231949.dir/0004_onchip_mem_gen/ --quartus_dir=C:/intelfpga_lite/18.0/quartus --verilog --config=C:/Users/therc/AppData/Local/Temp/alt9374_6552450139044231949.dir/0004_onchip_mem_gen//DSD_onchip_mem_component_configuration.pl  --do_build_sim=0  ]
Info: onchip_mem: Done RTL generation for module 'DSD_onchip_mem'
Info: onchip_mem: "DSD" instantiated altera_avalon_onchip_memory2 "onchip_mem"
Info: sys_clk_timer: Starting RTL generation for module 'DSD_sys_clk_timer'
Info: sys_clk_timer:   Generation command is [exec C:/intelFPGA_lite/18.0/quartus/bin64//perl/bin/perl.exe -I C:/intelFPGA_lite/18.0/quartus/bin64//perl/lib -I C:/intelfpga_lite/18.0/quartus/sopc_builder/bin/europa -I C:/intelfpga_lite/18.0/quartus/sopc_builder/bin/perl_lib -I C:/intelfpga_lite/18.0/quartus/sopc_builder/bin -I C:/intelfpga_lite/18.0/quartus/../ip/altera/sopc_builder_ip/common -I C:/intelfpga_lite/18.0/quartus/../ip/altera/sopc_builder_ip/altera_avalon_timer -- C:/intelfpga_lite/18.0/quartus/../ip/altera/sopc_builder_ip/altera_avalon_timer/generate_rtl.pl --name=DSD_sys_clk_timer --dir=C:/Users/therc/AppData/Local/Temp/alt9374_6552450139044231949.dir/0005_sys_clk_timer_gen/ --quartus_dir=C:/intelfpga_lite/18.0/quartus --verilog --config=C:/Users/therc/AppData/Local/Temp/alt9374_6552450139044231949.dir/0005_sys_clk_timer_gen//DSD_sys_clk_timer_component_configuration.pl  --do_build_sim=0  ]
Info: sys_clk_timer: Done RTL generation for module 'DSD_sys_clk_timer'
Info: sys_clk_timer: "DSD" instantiated altera_avalon_timer "sys_clk_timer"
Info: sysid: "DSD" instantiated altera_avalon_sysid_qsys "sysid"
Info: avalon_st_adapter: Inserting error_adapter: error_adapter_0
Info: avalon_st_adapter_001: Inserting error_adapter: error_adapter_0
Info: avalon_st_adapter_002: Inserting error_adapter: error_adapter_0
Info: avalon_st_adapter_003: Inserting error_adapter: error_adapter_0
Info: avalon_st_adapter_004: Inserting error_adapter: error_adapter_0
Info: mm_interconnect_0: "DSD" instantiated altera_mm_interconnect "mm_interconnect_0"
Info: irq_mapper: "DSD" instantiated altera_irq_mapper "irq_mapper"
Info: rst_controller: "DSD" instantiated altera_reset_controller "rst_controller"
Info: cpu: Starting RTL generation for module 'DSD_cpu_cpu'
Info: cpu:   Generation command is [exec C:/intelFPGA_lite/18.0/quartus/bin64//eperlcmd.exe -I C:/intelFPGA_lite/18.0/quartus/bin64//perl/lib -I C:/intelfpga_lite/18.0/quartus/sopc_builder/bin/europa -I C:/intelfpga_lite/18.0/quartus/sopc_builder/bin/perl_lib -I C:/intelfpga_lite/18.0/quartus/sopc_builder/bin -I C:/intelfpga_lite/18.0/quartus/../ip/altera/nios2_ip/altera_nios2_gen2/cpu_lib -I C:/intelfpga_lite/18.0/quartus/../ip/altera/nios2_ip/altera_nios2_gen2/nios_lib -I C:/intelfpga_lite/18.0/quartus/../ip/altera/nios2_ip/altera_nios2_gen2 -I C:/intelfpga_lite/18.0/quartus/../ip/altera/nios2_ip/altera_nios2_gen2 -- C:/intelfpga_lite/18.0/quartus/../ip/altera/nios2_ip/altera_nios2_gen2/generate_rtl.epl --name=DSD_cpu_cpu --dir=C:/Users/therc/AppData/Local/Temp/alt9374_6552450139044231949.dir/0009_cpu_gen/ --quartus_bindir=C:/intelFPGA_lite/18.0/quartus/bin64/ --verilog --config=C:/Users/therc/AppData/Local/Temp/alt9374_6552450139044231949.dir/0009_cpu_gen//DSD_cpu_cpu_processor_configuration.pl  --do_build_sim=0  ]
Info: cpu: # 2023.01.17 12:28:42 (*) Starting Nios II generation
Info: cpu: # 2023.01.17 12:28:42 (*)   Checking for plaintext license.
Info: cpu: # 2023.01.17 12:28:43 (*)   Couldn't query license setup in Quartus directory C:/intelFPGA_lite/18.0/quartus/bin64/
Info: cpu: # 2023.01.17 12:28:43 (*)   Defaulting to contents of LM_LICENSE_FILE environment variable
Info: cpu: # 2023.01.17 12:28:43 (*)   LM_LICENSE_FILE environment variable is empty
Info: cpu: # 2023.01.17 12:28:43 (*)   Plaintext license not found.
Info: cpu: # 2023.01.17 12:28:43 (*)   Checking for encrypted license (non-evaluation).
Info: cpu: # 2023.01.17 12:28:43 (*)   Couldn't query license setup in Quartus directory C:/intelFPGA_lite/18.0/quartus/bin64/
Info: cpu: # 2023.01.17 12:28:43 (*)   Defaulting to contents of LM_LICENSE_FILE environment variable
Info: cpu: # 2023.01.17 12:28:43 (*)   LM_LICENSE_FILE environment variable is empty
Info: cpu: # 2023.01.17 12:28:43 (*)   Encrypted license not found.  Defaulting to OCP evaluation license (produces a time-limited SOF)
Info: cpu: # 2023.01.17 12:28:43 (*)   Elaborating CPU configuration settings
Info: cpu: # 2023.01.17 12:28:43 (*)   Creating all objects for CPU
Info: cpu: # 2023.01.17 12:28:43 (*)     Testbench
Info: cpu: # 2023.01.17 12:28:43 (*)     Instruction decoding
Info: cpu: # 2023.01.17 12:28:43 (*)       Instruction fields
Info: cpu: # 2023.01.17 12:28:43 (*)       Instruction decodes
Info: cpu: # 2023.01.17 12:28:43 (*)       Signals for RTL simulation waveforms
Info: cpu: # 2023.01.17 12:28:43 (*)       Instruction controls
Info: cpu: # 2023.01.17 12:28:43 (*)     Pipeline frontend
Info: cpu: # 2023.01.17 12:28:43 (*)     Pipeline backend
Info: cpu: # 2023.01.17 12:28:44 (*)   Generating RTL from CPU objects
Info: cpu: # 2023.01.17 12:28:45 (*)   Creating encrypted RTL
Info: cpu: # 2023.01.17 12:28:46 (*) Done Nios II generation
Info: cpu: Done RTL generation for module 'DSD_cpu_cpu'
Info: cpu: "cpu" instantiated altera_nios2_gen2_unit "cpu"
Info: cpu_data_master_translator: "mm_interconnect_0" instantiated altera_merlin_master_translator "cpu_data_master_translator"
Info: jtag_uart_avalon_jtag_slave_translator: "mm_interconnect_0" instantiated altera_merlin_slave_translator "jtag_uart_avalon_jtag_slave_translator"
Info: cpu_data_master_agent: "mm_interconnect_0" instantiated altera_merlin_master_agent "cpu_data_master_agent"
Info: jtag_uart_avalon_jtag_slave_agent: "mm_interconnect_0" instantiated altera_merlin_slave_agent "jtag_uart_avalon_jtag_slave_agent"
Info: jtag_uart_avalon_jtag_slave_agent_rsp_fifo: "mm_interconnect_0" instantiated altera_avalon_sc_fifo "jtag_uart_avalon_jtag_slave_agent_rsp_fifo"
Info: router: "mm_interconnect_0" instantiated altera_merlin_router "router"
Info: router_001: "mm_interconnect_0" instantiated altera_merlin_router "router_001"
Info: router_002: "mm_interconnect_0" instantiated altera_merlin_router "router_002"
Info: router_004: "mm_interconnect_0" instantiated altera_merlin_router "router_004"
Info: cpu_data_master_limiter: "mm_interconnect_0" instantiated altera_merlin_traffic_limiter "cpu_data_master_limiter"
Info: Reusing file C:/Work/DSD_Material_Students/DSD_Material_Students/system_template_de1_soc/DSD/synthesis/submodules/altera_avalon_sc_fifo.v
Info: cmd_demux: "mm_interconnect_0" instantiated altera_merlin_demultiplexer "cmd_demux"
Info: cmd_demux_001: "mm_interconnect_0" instantiated altera_merlin_demultiplexer "cmd_demux_001"
Info: cmd_mux: "mm_interconnect_0" instantiated altera_merlin_multiplexer "cmd_mux"
Info: cmd_mux_002: "mm_interconnect_0" instantiated altera_merlin_multiplexer "cmd_mux_002"
Info: Reusing file C:/Work/DSD_Material_Students/DSD_Material_Students/system_template_de1_soc/DSD/synthesis/submodules/altera_merlin_arbitrator.sv
Info: rsp_demux: "mm_interconnect_0" instantiated altera_merlin_demultiplexer "rsp_demux"
Info: rsp_demux_002: "mm_interconnect_0" instantiated altera_merlin_demultiplexer "rsp_demux_002"
Info: rsp_mux: "mm_interconnect_0" instantiated altera_merlin_multiplexer "rsp_mux"
Info: Reusing file C:/Work/DSD_Material_Students/DSD_Material_Students/system_template_de1_soc/DSD/synthesis/submodules/altera_merlin_arbitrator.sv
Info: rsp_mux_001: "mm_interconnect_0" instantiated altera_merlin_multiplexer "rsp_mux_001"
Info: Reusing file C:/Work/DSD_Material_Students/DSD_Material_Students/system_template_de1_soc/DSD/synthesis/submodules/altera_merlin_arbitrator.sv
Info: avalon_st_adapter: "mm_interconnect_0" instantiated altera_avalon_st_adapter "avalon_st_adapter"
Info: error_adapter_0: "avalon_st_adapter" instantiated error_adapter "error_adapter_0"
Info: DSD: Done "DSD" with 31 modules, 50 files
Info: qsys-generate succeeded.
Info: Finished: Create HDL design files for synthesis
